<?xml version="1.0" encoding="UTF-8"?>
<!-- Generated by org.testng.reporters.JUnitReportReporter -->
<testsuite hostname="8f03ae89828b51a" failures="0" tests="2" name="com.ust.test.NewTest" time="0.007" errors="0" timestamp="2023-03-31T09:38:08 IST" skipped="0">
  <testcase classname="com.ust.test.NewTest" name="f" time="0.006"/>
  <system-out/>
  <testcase classname="com.ust.test.NewTest" name="a" time="0.001"/>
  <system-out/>
</testsuite> <!-- com.ust.test.NewTest -->
